#
# There is insufficient memory for the Java Runtime Environment to continue.
# Native memory allocation (mmap) failed to map 257949696 bytes for Failed to commit area from 0x000000070a000000 to 0x0000000719600000 of length 257949696.
# Possible reasons:
#   The system is out of physical RAM or swap space
#   The process is running with CompressedOops enabled, and the Java Heap may be blocking the growth of the native heap
# Possible solutions:
#   Reduce memory load on the system
#   Increase physical memory or swap space
#   Check if swap backing store is full
#   Decrease Java heap size (-Xmx/-Xms)
#   Decrease number of Java threads
#   Decrease Java thread stack sizes (-Xss)
#   Set larger code cache with -XX:ReservedCodeCacheSize=
# This output file may be truncated or incomplete.
#
#  Out of Memory Error (./src/hotspot/os/windows/os_windows.cpp:3380), pid=37408, tid=17728
#
# JRE version:  (11.0.12+7) (build )
# Java VM: OpenJDK 64-Bit Server VM (11.0.12+7, mixed mode, sharing, tiered, compressed oops, g1 gc, windows-amd64)
# No core dump will be written. Minidumps are not enabled by default on client versions of Windows
#

---------------  S U M M A R Y ------------

Command Line: -agentlib:jdwp=transport=dt_socket,server=n,suspend=y,address=localhost:53849 InnerPassenger

Host: AMD Ryzen 5 4500U with Radeon Graphics         , 6 cores, 15G,  Windows 10 , 64 bit Build 22000 (10.0.22000.2538)
Time: Thu Nov 16 16:09:42 2023 Arab Standard Time elapsed time: 0.019516 seconds (0d 0h 0m 0s)

---------------  T H R E A D  ---------------

Current thread (0x000001ee128fa800):  JavaThread "Unknown thread" [_thread_in_vm, id=17728, stack(0x0000003c7ec00000,0x0000003c7ed00000)]

Stack: [0x0000003c7ec00000,0x0000003c7ed00000]
Native frames: (J=compiled Java code, j=interpreted, Vv=VM code, C=native code)
V  [jvm.dll+0x6090fa]
V  [jvm.dll+0x79229e]
V  [jvm.dll+0x79396f]
V  [jvm.dll+0x794033]
V  [jvm.dll+0x24bed8]
V  [jvm.dll+0x60624a]
V  [jvm.dll+0x5facf5]
V  [jvm.dll+0x303b5c]
V  [jvm.dll+0x3039e2]
V  [jvm.dll+0x308706]
V  [jvm.dll+0x34d5cf]
V  [jvm.dll+0x34d000]
V  [jvm.dll+0x2e0c68]
V  [jvm.dll+0x2e1dc6]
V  [jvm.dll+0x76d627]
V  [jvm.dll+0x76edaf]
V  [jvm.dll+0x35a359]
V  [jvm.dll+0x750710]
V  [jvm.dll+0x3c1f8f]
V  [jvm.dll+0x3c4461]
C  [jli.dll+0x5207]
C  [ucrtbase.dll+0x26c0c]
C  [KERNEL32.DLL+0x153e0]
C  [ntdll.dll+0x485b]


---------------  P R O C E S S  ---------------

Threads class SMR info:
_java_thread_list=0x000001ee1074f2f0, length=0, elements={
}

Java Threads: ( => current thread )

Other Threads:
  0x000001ee12915000 GCTaskThread "GC Thread#0" [stack: 0x0000003c7ed00000,0x0000003c7ee00000] [id=33848]
  0x000001ee1296e800 ConcurrentGCThread "G1 Main Marker" [stack: 0x0000003c7ee00000,0x0000003c7ef00000] [id=33572]
  0x000001ee12970000 ConcurrentGCThread "G1 Conc#0" [stack: 0x0000003c7ef00000,0x0000003c7f000000] [id=35968]

[error occurred during error reporting (printing all threads), id 0xc0000005, EXCEPTION_ACCESS_VIOLATION (0xc0000005) at pc=0x00007ffd60a90337]

VM state:not at safepoint (not fully initialized)

VM Mutex/Monitor currently owned by a thread:  ([mutex/lock_event])
[0x000001ee128f7a70] Heap_lock - owner thread: 0x000001ee128fa800

Heap address: 0x000000070a000000, size: 3936 MB, Compressed Oops mode: Non-zero based: 0x000000070a000000
Narrow klass base: 0x0000000000000000, Narrow klass shift: 0

GC Heap History (0 events):
No events

Deoptimization events (0 events):
No events

Classes redefined (0 events):
No events

Internal exceptions (0 events):
No events

Events (1 events):
Event: 0.013 Loaded shared library C:\Program Files\Microsoft\jdk-11.0.12.7-hotspot\bin\zip.dll


Dynamic libraries:
0x00007ff63e2b0000 - 0x00007ff63e2bd000 	C:\Program Files\Microsoft\jdk-11.0.12.7-hotspot\bin\java.exe
0x00007ffdf8040000 - 0x00007ffdf8249000 	C:\WINDOWS\SYSTEM32\ntdll.dll
0x00007ffdf7410000 - 0x00007ffdf74cd000 	C:\WINDOWS\System32\KERNEL32.DLL
0x00007ffdf57a0000 - 0x00007ffdf5b24000 	C:\WINDOWS\System32\KERNELBASE.dll
0x00007ffdf5d40000 - 0x00007ffdf5e51000 	C:\WINDOWS\System32\ucrtbase.dll
0x00007ffde6a60000 - 0x00007ffde6a75000 	C:\Program Files\Microsoft\jdk-11.0.12.7-hotspot\bin\VCRUNTIME140.dll
0x00007ffde66b0000 - 0x00007ffde66c7000 	C:\Program Files\Microsoft\jdk-11.0.12.7-hotspot\bin\jli.dll
0x00007ffdf5fb0000 - 0x00007ffdf615d000 	C:\WINDOWS\System32\USER32.dll
0x00007ffde2f80000 - 0x00007ffde3225000 	C:\WINDOWS\WinSxS\amd64_microsoft.windows.common-controls_6595b64144ccf1df_6.0.22000.120_none_9d947278b86cc467\COMCTL32.dll
0x00007ffdf7520000 - 0x00007ffdf75c3000 	C:\WINDOWS\System32\msvcrt.dll
0x00007ffdf5e60000 - 0x00007ffdf5e86000 	C:\WINDOWS\System32\win32u.dll
0x00007ffdf74d0000 - 0x00007ffdf74fa000 	C:\WINDOWS\System32\GDI32.dll
0x00007ffdf5550000 - 0x00007ffdf566e000 	C:\WINDOWS\System32\gdi32full.dll
0x00007ffdf5b30000 - 0x00007ffdf5bcd000 	C:\WINDOWS\System32\msvcp_win.dll
0x00007ffdf7120000 - 0x00007ffdf7151000 	C:\WINDOWS\System32\IMM32.DLL
0x00007ffdc2b40000 - 0x00007ffdc2bdb000 	C:\Program Files\Microsoft\jdk-11.0.12.7-hotspot\bin\msvcp140.dll
0x00007ffd607a0000 - 0x00007ffd61301000 	C:\Program Files\Microsoft\jdk-11.0.12.7-hotspot\bin\server\jvm.dll
0x00007ffdf7010000 - 0x00007ffdf70be000 	C:\WINDOWS\System32\ADVAPI32.dll
0x00007ffdf7370000 - 0x00007ffdf740e000 	C:\WINDOWS\System32\sechost.dll
0x00007ffdf6d10000 - 0x00007ffdf6e31000 	C:\WINDOWS\System32\RPCRT4.dll
0x00007ffdf7500000 - 0x00007ffdf7508000 	C:\WINDOWS\System32\PSAPI.DLL
0x00007ffde6d20000 - 0x00007ffde6d29000 	C:\WINDOWS\SYSTEM32\WSOCK32.dll
0x00007ffdf22c0000 - 0x00007ffdf22f3000 	C:\WINDOWS\SYSTEM32\WINMM.dll
0x00007ffdeb8f0000 - 0x00007ffdeb8fa000 	C:\WINDOWS\SYSTEM32\VERSION.dll
0x00007ffdf7300000 - 0x00007ffdf736f000 	C:\WINDOWS\System32\WS2_32.dll
0x00007ffdf4540000 - 0x00007ffdf4558000 	C:\WINDOWS\SYSTEM32\kernel.appcore.dll
0x00007ffdf1920000 - 0x00007ffdf1930000 	C:\Program Files\Microsoft\jdk-11.0.12.7-hotspot\bin\verify.dll
0x00007ffdf2f30000 - 0x00007ffdf3151000 	C:\WINDOWS\SYSTEM32\DBGHELP.DLL
0x00007ffdf2280000 - 0x00007ffdf22b1000 	C:\WINDOWS\SYSTEM32\dbgcore.DLL
0x00007ffdf54d0000 - 0x00007ffdf554f000 	C:\WINDOWS\System32\bcryptPrimitives.dll
0x00007ffdd6b90000 - 0x00007ffdd6bb8000 	C:\Program Files\Microsoft\jdk-11.0.12.7-hotspot\bin\java.dll
0x00007ffdf0d30000 - 0x00007ffdf0d3a000 	C:\Program Files\Microsoft\jdk-11.0.12.7-hotspot\bin\jimage.dll
0x00007ffde6a90000 - 0x00007ffde6ac8000 	C:\Program Files\Microsoft\jdk-11.0.12.7-hotspot\bin\jdwp.dll
0x00007ffdd5880000 - 0x00007ffdd5897000 	C:\Program Files\Microsoft\jdk-11.0.12.7-hotspot\bin\zip.dll

dbghelp: loaded successfully - version: 4.0.5 - missing functions: none
symbol engine: initialized successfully - sym options: 0x614 - pdb path: .;C:\Program Files\Microsoft\jdk-11.0.12.7-hotspot\bin;C:\WINDOWS\SYSTEM32;C:\WINDOWS\WinSxS\amd64_microsoft.windows.common-controls_6595b64144ccf1df_6.0.22000.120_none_9d947278b86cc467;C:\Program Files\Microsoft\jdk-11.0.12.7-hotspot\bin\server

VM Arguments:
jvm_args: -agentlib:jdwp=transport=dt_socket,server=n,suspend=y,address=localhost:53849 
java_command: InnerPassenger
java_class_path (initial): C:\Users\balqe\AppData\Roaming\Code\User\workspaceStorage\0072239b1b08373935e75fefffd0f847\redhat.java\jdt_ws\passengerInformation_8f2bbc63\bin
Launcher Type: SUN_STANDARD

[Global flags]
     intx CICompilerCount                          = 3                                         {product} {ergonomic}
     uint ConcGCThreads                            = 2                                         {product} {ergonomic}
     uint G1ConcRefinementThreads                  = 6                                         {product} {ergonomic}
   size_t G1HeapRegionSize                         = 1048576                                   {product} {ergonomic}
    uintx GCDrainStackTargetSize                   = 64                                        {product} {ergonomic}
   size_t InitialHeapSize                          = 257949696                                 {product} {ergonomic}
   size_t MarkStackSize                            = 4194304                                   {product} {ergonomic}
   size_t MaxHeapSize                              = 4127195136                                {product} {ergonomic}
   size_t MinHeapDeltaBytes                        = 1048576                                   {product} {ergonomic}
    uintx NonNMethodCodeHeapSize                   = 5830732                                {pd product} {ergonomic}
    uintx NonProfiledCodeHeapSize                  = 122913754                              {pd product} {ergonomic}
    uintx ProfiledCodeHeapSize                     = 122913754                              {pd product} {ergonomic}
    uintx ReservedCodeCacheSize                    = 251658240                              {pd product} {ergonomic}
     bool SegmentedCodeCache                       = true                                      {product} {ergonomic}
     bool UseCompressedClassPointers               = true                                 {lp64_product} {ergonomic}
     bool UseCompressedOops                        = true                                 {lp64_product} {ergonomic}
     bool UseG1GC                                  = true                                      {product} {ergonomic}
     bool UseLargePagesIndividualAllocation        = false                                  {pd product} {ergonomic}

Logging:
Log output configuration:
 #0: stdout all=warning uptime,level,tags
 #1: stderr all=off uptime,level,tags

Environment Variables:
PATH=C:\Program Files\Microsoft\jdk-11.0.12.7-hotspot\bin;c:\Program Files (x86)\VMware\VMware Player\bin\;C:\Program Files (x86)\Common Files\Oracle\Java\javapath;C:\WINDOWS\system32;C:\WINDOWS;C:\WINDOWS\System32\Wbem;C:\WINDOWS\System32\WindowsPowerShell\v1.0\;C:\WINDOWS\System32\OpenSSH\;C:\Program Files\dotnet\;C:\Program Files\Git\cmd;C:\Users\balqe\AppData\Local\Programs\Python\Python310\Scripts\;C:\Users\balqe\AppData\Local\Programs\Python\Python310\;C:\Users\balqe\AppData\Local\Microsoft\WindowsApps;C:\Users\balqe\AppData\Local\Programs\MiKTeX\miktex\bin\x64\;C:\Users\balqe\.dotnet\tools;C:\Users\balqe\AppData\Local\Programs\Microsoft VS Code\bin
USERNAME=balqe
LANG=en_US.UTF-8
OS=Windows_NT
PROCESSOR_IDENTIFIER=AMD64 Family 23 Model 96 Stepping 1, AuthenticAMD



---------------  S Y S T E M  ---------------

OS: Windows 10 , 64 bit Build 22000 (10.0.22000.2538)
OS uptime: 0 days 22:24 hours

CPU:total 6 (initial active 6) (6 cores per cpu, 1 threads per core) family 23 model 96 stepping 1 microcode 0x0, cmov, cx8, fxsr, mmx, sse, sse2, sse3, ssse3, sse4.1, sse4.2, popcnt, avx, avx2, aes, clmul, mmxext, 3dnowpref, lzcnt, sse4a, tsc, tscinvbit, tscinv, bmi1, bmi2, adx, sha, fma

Memory: 4k page, system-wide physical 15739M (7436M free)
TotalPageFile size 20129M (AvailPageFile size 177M)
current process WorkingSet (physical memory assigned to process): 10M, peak: 10M
current process commit charge ("private bytes"): 56M, peak: 302M

vm_info: OpenJDK 64-Bit Server VM (11.0.12+7) for windows-amd64 JRE (11.0.12+7), built on Jul 21 2021 15:41:43 by "" with unknown MS VC++:1916

END.
